<?xml version="1.0" encoding="UTF-8"?>
<testng-results ignored="0" total="1" passed="1" failed="0" skipped="0">
  <reporter-output>
  </reporter-output>
  <suite started-at="2025-02-27T15:35:19 IST" name="Default suite" finished-at="2025-02-27T15:35:25 IST" duration-ms="6045">
    <groups>
    </groups>
    <test started-at="2025-02-27T15:35:19 IST" name="Default test" finished-at="2025-02-27T15:35:25 IST" duration-ms="6045">
      <class name="org.xyz.tests.XyZ">
        <test-method is-config="true" signature="getDetails()[pri:0, instance:org.xyz.tests.XyZ@33c911a1]" started-at="2025-02-27T15:35:19 IST" name="getDetails" finished-at="2025-02-27T15:35:22 IST" duration-ms="3126" status="PASS">
          <reporter-output>
          </reporter-output>
        </test-method> <!-- getDetails -->
        <test-method signature="one()[pri:0, instance:org.xyz.tests.XyZ@33c911a1]" started-at="2025-02-27T15:35:22 IST" name="one" finished-at="2025-02-27T15:35:25 IST" duration-ms="2836" status="PASS">
          <reporter-output>
          </reporter-output>
        </test-method> <!-- one -->
      </class> <!-- org.xyz.tests.XyZ -->
    </test> <!-- Default test -->
  </suite> <!-- Default suite -->
</testng-results>
